
15:01:37 Undefined property: config::$debug in /Develope/zendWork/zentaopms/module/common/view/header.lite.html.php on line 19 when visiting /zentaopms/www/install.php

15:01:39 Undefined property: config::$debug in /Develope/zendWork/zentaopms/module/common/view/header.lite.html.php on line 19 when visiting /zentaopms/www/install.php?m=install&f=step1

15:01:41 Undefined property: config::$debug in /Develope/zendWork/zentaopms/module/common/view/header.lite.html.php on line 19 when visiting /zentaopms/www/install.php?m=install&f=step2

15:01:58 Undefined property: config::$debug in /Develope/zendWork/zentaopms/module/common/view/header.lite.html.php on line 19 when visiting /zentaopms/www/install.php?m=install&f=step3

15:02:18 Uncaught exception 'PDOException' with message 'SQLSTATE[42S02]: Base table or view not found: 1146 Table 'zentao.zt_caseStep' doesn't exist' in /Develope/zendWork/zentaopms/module/install/model.php:437
Stack trace:
#0 /Develope/zendWork/zentaopms/module/install/model.php(437): PDO->query('INSERT INTO zen...')
#1 /Develope/zendWork/zentaopms/module/install/control.php(129): installModel->importDemoData()
#2 [internal function]: install->step4()
#3 /Develope/zendWork/zentaopms/framework/router.class.php(1149): call_user_func_array(Array, Array)
#4 /Develope/zendWork/zentaopms/www/install.php(37): router->loadModule()
#5 {main}
  thrown in /Develope/zendWork/zentaopms/module/install/model.php on line 437 when visiting /zentaopms/www/install.php?m=install&f=step4

15:03:03 ERROR: SQLSTATE[23000]: Integrity constraint violation: 1062 Duplicate entry 'root' for key 'account'The sql is: INSERT INTO `zt_user` SET `account` = 'root',`realname` = 'root',`password` = '63a9f0ea7bb98050796b649e85481845',`gender` = '' in /Develope/zendWork/zentaopms/lib/dao/dao.class.php on line 531, last called by /Develope/zendWork/zentaopms/module/install/model.php on line 408 through function exec.
 in /Develope/zendWork/zentaopms/framework/router.class.php on line 1577 when visiting /zentaopms/www/install.php?m=install&f=step4

15:03:45 Uncaught exception 'PDOException' with message 'SQLSTATE[42S02]: Base table or view not found: 1146 Table 'zentao.zt_caseStep' doesn't exist' in /Develope/zendWork/zentaopms/module/install/model.php:437
Stack trace:
#0 /Develope/zendWork/zentaopms/module/install/model.php(437): PDO->query('INSERT INTO zen...')
#1 /Develope/zendWork/zentaopms/module/install/control.php(129): installModel->importDemoData()
#2 [internal function]: install->step4()
#3 /Develope/zendWork/zentaopms/framework/router.class.php(1149): call_user_func_array(Array, Array)
#4 /Develope/zendWork/zentaopms/www/install.php(37): router->loadModule()
#5 {main}
  thrown in /Develope/zendWork/zentaopms/module/install/model.php on line 437 when visiting /zentaopms/www/install.php?m=install&f=step4

15:04:27 ERROR: SQLSTATE[23000]: Integrity constraint violation: 1062 Duplicate entry 'root' for key 'account'The sql is: INSERT INTO `zt_user` SET `account` = 'root',`realname` = 'root',`password` = '63a9f0ea7bb98050796b649e85481845',`gender` = '' in /Develope/zendWork/zentaopms/lib/dao/dao.class.php on line 531, last called by /Develope/zendWork/zentaopms/module/install/model.php on line 408 through function exec.
 in /Develope/zendWork/zentaopms/framework/router.class.php on line 1577 when visiting /zentaopms/www/install.php?m=install&f=step4

15:04:30 ERROR: SQLSTATE[23000]: Integrity constraint violation: 1062 Duplicate entry 'root' for key 'account'The sql is: INSERT INTO `zt_user` SET `account` = 'root',`realname` = 'root',`password` = '63a9f0ea7bb98050796b649e85481845',`gender` = '' in /Develope/zendWork/zentaopms/lib/dao/dao.class.php on line 531, last called by /Develope/zendWork/zentaopms/module/install/model.php on line 408 through function exec.
 in /Develope/zendWork/zentaopms/framework/router.class.php on line 1577 when visiting /zentaopms/www/install.php?m=install&f=step4

15:05:06 Undefined offset: 1 in /Develope/zendWork/zentaopms/module/user/control.php on line 661 when visiting /zentaopms/www/index.php?m=user&f=login&referer=L3plbnRhb3Btcy93d3cvaW5kZXgucGhw
